<?xml version="1.0" encoding="UTF-8" standalone="no"?>
<!DOCTYPE log SYSTEM "logger.dtd">
<log>
<record>
  <date>2022-09-04T20:52:32.722256Z</date>
  <millis>1662324752722</millis>
  <nanos>256000</nanos>
  <sequence>0</sequence>
  <logger>co.com.eenp.Main</logger>
  <level>INFO</level>
  <class>co.com.eenp.Main</class>
  <method>main</method>
  <thread>1</thread>
  <message>This is message 1</message>
</record>
<record>
  <date>2022-09-04T20:52:32.879038Z</date>
  <millis>1662324752879</millis>
  <nanos>38000</nanos>
  <sequence>1</sequence>
  <logger>co.com.eenp.Main</logger>
  <level>WARNING</level>
  <class>co.com.eenp.Main</class>
  <method>main</method>
  <thread>1</thread>
  <message>This is message 2</message>
</record>
</log>
<?xml version="1.0" encoding="UTF-8" standalone="no"?>
<!DOCTYPE log SYSTEM "logger.dtd">
<log>
<record>
  <date>2022-09-04T20:52:55.832979Z</date>
  <millis>1662324775832</millis>
  <nanos>979000</nanos>
  <sequence>0</sequence>
  <logger>co.com.eenp.Main</logger>
  <level>INFO</level>
  <class>co.com.eenp.Main</class>
  <method>main</method>
  <thread>1</thread>
  <message>This is message 1</message>
</record>
<record>
  <date>2022-09-04T20:52:56.012801Z</date>
  <millis>1662324776012</millis>
  <nanos>801000</nanos>
  <sequence>1</sequence>
  <logger>co.com.eenp.Main</logger>
  <level>WARNING</level>
  <class>co.com.eenp.Main</class>
  <method>main</method>
  <thread>1</thread>
  <message>This is message 2</message>
</record>
</log>
